<?xml version="1.0" encoding="UTF-8"?>
<testsuite name="runner.ExploreVacations_Runner" tests="0" skipped="0" failures="0" errors="0" timestamp="1970-01-01T00:00:00" hostname="DEVOPSCOMPTWO" time="0.0">
  <properties/>
  <system-out><![CDATA[
?[31mFailed scenarios:?[0m
?[31msrc/test/resources/features/ExploreVacations.feature:3 ?[0m# Guest explores shore excursions destinations

1 Scenarios (?[31m1 failed?[0m)
2 Steps (?[31m1 failed?[0m, ?[32m1 passed?[0m)
0m19.636s

org.openqa.selenium.ElementNotInteractableException: element not interactable
  (Session info: chrome=85.0.4183.121)
Build info: version: '3.141.5', revision: 'd54ebd709a', time: '2018-11-06T11:42:16'
System info: host: 'DEVOPSCOMPTWO', ip: '192.168.1.109', os.name: 'Windows 10', os.arch: 'amd64', os.version: '10.0', java.version: '1.8.0_181'
Driver info: org.openqa.selenium.remote.RemoteWebDriver
Capabilities {acceptInsecureCerts: false, browserName: chrome, browserVersion: 85.0.4183.121, chrome: {chromedriverVersion: 85.0.4183.38 (9047dbc2c693f..., userDataDir: C:\Users\AUTOMA~1\AppData\L...}, goog:chromeOptions: {debuggerAddress: localhost:50274}, javascriptEnabled: true, networkConnectionEnabled: false, pageLoadStrategy: normal, platform: WINDOWS, platformName: WINDOWS, proxy: Proxy(), setWindowRect: true, strictFileInteractability: false, timeouts: {implicit: 0, pageLoad: 300000, script: 30000}, unhandledPromptBehavior: dismiss and notify, webauthn:virtualAuthenticators: true}
Session ID: 5a70fa317519dab63d7ed1804b73f638
	at sun.reflect.NativeConstructorAccessorImpl.newInstance0(Native Method)
	at sun.reflect.NativeConstructorAccessorImpl.newInstance(NativeConstructorAccessorImpl.java:62)
	at sun.reflect.DelegatingConstructorAccessorImpl.newInstance(DelegatingConstructorAccessorImpl.java:45)
	at java.lang.reflect.Constructor.newInstance(Constructor.java:423)
	at org.openqa.selenium.remote.http.W3CHttpResponseCodec.createException(W3CHttpResponseCodec.java:187)
	at org.openqa.selenium.remote.http.W3CHttpResponseCodec.decode(W3CHttpResponseCodec.java:122)
	at org.openqa.selenium.remote.http.W3CHttpResponseCodec.decode(W3CHttpResponseCodec.java:49)
	at org.openqa.selenium.remote.HttpCommandExecutor.execute(HttpCommandExecutor.java:158)
	at org.openqa.selenium.remote.RemoteWebDriver.execute(RemoteWebDriver.java:552)
	at org.openqa.selenium.remote.RemoteWebElement.execute(RemoteWebElement.java:285)
	at org.openqa.selenium.remote.RemoteWebElement.sendKeys(RemoteWebElement.java:106)
	at net.serenitybdd.core.pages.WebElementFacadeImpl.clear(WebElementFacadeImpl.java:1068)
	at net.serenitybdd.core.pages.WebElementFacadeImpl.type(WebElementFacadeImpl.java:683)
	at net.serenitybdd.screenplay.actions.EnterValueIntoTarget.performAs(EnterValueIntoTarget.java:18)
	at net.serenitybdd.screenplay.actions.EnterValueIntoTarget$$EnhancerByCGLIB$$4e987eb1.CGLIB$performAs$0(<generated>)
	at net.serenitybdd.screenplay.actions.EnterValueIntoTarget$$EnhancerByCGLIB$$4e987eb1$$FastClassByCGLIB$$da8429ac.invoke(<generated>)
	at net.sf.cglib.proxy.MethodProxy.invokeSuper(MethodProxy.java:228)
	at net.thucydides.core.steps.StepInterceptor.invokeMethod(StepInterceptor.java:464)
	at net.thucydides.core.steps.StepInterceptor.executeTestStepMethod(StepInterceptor.java:449)
	at net.thucydides.core.steps.StepInterceptor.runTestStep(StepInterceptor.java:424)
	at net.thucydides.core.steps.StepInterceptor.runOrSkipMethod(StepInterceptor.java:165)
	at net.thucydides.core.steps.StepInterceptor.testStepResult(StepInterceptor.java:152)
	at net.thucydides.core.steps.StepInterceptor.intercept(StepInterceptor.java:70)
	at net.serenitybdd.screenplay.actions.EnterValueIntoTarget$$EnhancerByCGLIB$$4e987eb1.performAs(<generated>)
	at net.serenitybdd.screenplay.Actor.performTask(Actor.java:176)
	at net.serenitybdd.screenplay.Actor.perform(Actor.java:157)
	at net.serenitybdd.screenplay.Actor.attemptsTo(Actor.java:138)
	at task.FilterPrice_ExploreVacations_Task.performAs(FilterPrice_ExploreVacations_Task.java:20)
	at task.FilterPrice_ExploreVacations_Task$$EnhancerByCGLIB$$d7569612.CGLIB$performAs$0(<generated>)
	at task.FilterPrice_ExploreVacations_Task$$EnhancerByCGLIB$$d7569612$$FastClassByCGLIB$$bb364cae.invoke(<generated>)
	at net.sf.cglib.proxy.MethodProxy.invokeSuper(MethodProxy.java:228)
	at net.thucydides.core.steps.StepInterceptor.invokeMethod(StepInterceptor.java:464)
	at net.thucydides.core.steps.StepInterceptor.executeTestStepMethod(StepInterceptor.java:449)
	at net.thucydides.core.steps.StepInterceptor.runTestStep(StepInterceptor.java:424)
	at net.thucydides.core.steps.StepInterceptor.runOrSkipMethod(StepInterceptor.java:165)
	at net.thucydides.core.steps.StepInterceptor.testStepResult(StepInterceptor.java:152)
	at net.thucydides.core.steps.StepInterceptor.intercept(StepInterceptor.java:70)
	at task.FilterPrice_ExploreVacations_Task$$EnhancerByCGLIB$$d7569612.performAs(<generated>)
	at net.serenitybdd.screenplay.Actor.performTask(Actor.java:176)
	at net.serenitybdd.screenplay.Actor.perform(Actor.java:157)
	at net.serenitybdd.screenplay.Actor.attemptsTo(Actor.java:138)
	at stepdefinitions.ExploreVacations_StepDefinition.filtersResultByPriceRangeFrom(ExploreVacations_StepDefinition.java:41)
	at ?.filters result by price range(src/test/resources/features/ExploreVacations.feature:5)

]]></system-out>
  <system-err><![CDATA[[Test worker] INFO net.thucydides.core.steps.ConsoleLoggingListener - Test Suite Started: Open Destination and Filter by Price
[Test worker] INFO net.thucydides.core.steps.ConsoleLoggingListener - 
 _____ _____ ____ _____   ____ _____  _    ____ _____ _____ ____  
|_   _| ____/ ___|_   _| / ___|_   _|/ \  |  _ \_   _| ____|  _ \ 
  | | |  _| \___ \ | |   \___ \ | | / _ \ | |_) || | |  _| | | | |
  | | | |___ ___) || |    ___) || |/ ___ \|  _ < | | | |___| |_| |
  |_| |_____|____/ |_|   |____/ |_/_/   \_\_| \_\|_| |_____|____/ 
                                                                  

TEST STARTED: Guest explores shore excursions destinations
-------------------------------------------------------------------(open-destination-and-filter-by-price;guest-explores-shore-excursions-destinations)
]]></system-err>
</testsuite>
